app/build/intermediates/manifest_merge_blame_file/debug/manifest-merger-blame-debug-report.txt
1<?xml version="1.0" encoding="utf-8"?>
2<manifest xmlns:android="http://schemas.android.com/apk/res/android"
3    package="gc.txa.demo"
4    android:versionCode="1"
5    android:versionName="1.0.0" >
6
7    <uses-sdk
8        android:minSdkVersion="26"
9        android:targetSdkVersion="34" />
10
11    <!-- Permissions for Android 9 (API 28) -->
12    <uses-permission android:name="android.permission.INTERNET" />
12-->src/main/AndroidManifest.xml:6:5-67
12-->src/main/AndroidManifest.xml:6:22-64
13    <uses-permission android:name="android.permission.ACCESS_NETWORK_STATE" />
13-->src/main/AndroidManifest.xml:7:5-79
13-->src/main/AndroidManifest.xml:7:22-76
14    <uses-permission android:name="android.permission.READ_EXTERNAL_STORAGE" />
14-->src/main/AndroidManifest.xml:8:5-80
14-->src/main/AndroidManifest.xml:8:22-77
15    <uses-permission android:name="android.permission.WRITE_EXTERNAL_STORAGE" />
15-->src/main/AndroidManifest.xml:9:5-81
15-->src/main/AndroidManifest.xml:9:22-78
16    <uses-permission android:name="android.permission.REQUEST_INSTALL_PACKAGES" />
16-->src/main/AndroidManifest.xml:10:5-83
16-->src/main/AndroidManifest.xml:10:22-80
17    <uses-permission android:name="android.permission.WAKE_LOCK" />
17-->[androidx.work:work-runtime:2.9.0] AndroidManifest.xml:23:5-68
17-->[androidx.work:work-runtime:2.9.0] AndroidManifest.xml:23:22-65
18    <uses-permission android:name="android.permission.RECEIVE_BOOT_COMPLETED" />
18-->[androidx.work:work-runtime:2.9.0] AndroidManifest.xml:25:5-81
18-->[androidx.work:work-runtime:2.9.0] AndroidManifest.xml:25:22-78
19    <uses-permission android:name="android.permission.FOREGROUND_SERVICE" />
19-->[androidx.work:work-runtime:2.9.0] AndroidManifest.xml:26:5-77
19-->[androidx.work:work-runtime:2.9.0] AndroidManifest.xml:26:22-74
20
21    <permission
21-->[androidx.core:core:1.12.0] AndroidManifest.xml:22:5-24:47
22        android:name="gc.txa.demo.DYNAMIC_RECEIVER_NOT_EXPORTED_PERMISSION"
22-->[androidx.core:core:1.12.0] AndroidManifest.xml:23:9-81
23        android:protectionLevel="signature" />
23-->[androidx.core:core:1.12.0] AndroidManifest.xml:24:9-44
24
25    <uses-permission android:name="gc.txa.demo.DYNAMIC_RECEIVER_NOT_EXPORTED_PERMISSION" />
25-->[androidx.core:core:1.12.0] AndroidManifest.xml:26:5-97
25-->[androidx.core:core:1.12.0] AndroidManifest.xml:26:22-94
26
27    <application
27-->src/main/AndroidManifest.xml:12:5-69:19
28        android:name="gc.txa.demo.TXAApp"
28-->src/main/AndroidManifest.xml:13:9-31
29        android:allowBackup="true"
29-->src/main/AndroidManifest.xml:14:9-35
30        android:appComponentFactory="androidx.core.app.CoreComponentFactory"
30-->[androidx.core:core:1.12.0] AndroidManifest.xml:28:18-86
31        android:dataExtractionRules="@xml/data_extraction_rules"
31-->src/main/AndroidManifest.xml:15:9-65
32        android:debuggable="true"
33        android:extractNativeLibs="false"
34        android:fullBackupContent="@xml/backup_rules"
34-->src/main/AndroidManifest.xml:16:9-54
35        android:icon="@mipmap/ic_launcher"
35-->src/main/AndroidManifest.xml:17:9-43
36        android:label="TXA Demo"
36-->src/main/AndroidManifest.xml:18:9-33
37        android:requestLegacyExternalStorage="true"
37-->src/main/AndroidManifest.xml:22:9-52
38        android:roundIcon="@mipmap/ic_launcher_round"
38-->src/main/AndroidManifest.xml:19:9-54
39        android:supportsRtl="true"
39-->src/main/AndroidManifest.xml:20:9-35
40        android:theme="@style/Theme.TXADemo" >
40-->src/main/AndroidManifest.xml:21:9-45
41
42        <!-- Splash Activity (Entry Point) -->
43        <activity
43-->src/main/AndroidManifest.xml:26:9-35:20
44            android:name="gc.txa.demo.ui.TXASplashActivity"
44-->src/main/AndroidManifest.xml:27:13-49
45            android:exported="true"
45-->src/main/AndroidManifest.xml:28:13-36
46            android:screenOrientation="portrait"
46-->src/main/AndroidManifest.xml:29:13-49
47            android:theme="@style/Theme.TXADemo.NoActionBar" >
47-->src/main/AndroidManifest.xml:30:13-61
48            <intent-filter>
48-->src/main/AndroidManifest.xml:31:13-34:29
49                <action android:name="android.intent.action.MAIN" />
49-->src/main/AndroidManifest.xml:32:17-69
49-->src/main/AndroidManifest.xml:32:25-66
50
51                <category android:name="android.intent.category.LAUNCHER" />
51-->src/main/AndroidManifest.xml:33:17-77
51-->src/main/AndroidManifest.xml:33:27-74
52            </intent-filter>
53        </activity>
54
55        <!-- Demo Notice Activity -->
56        <activity
56-->src/main/AndroidManifest.xml:38:9-42:64
57            android:name="gc.txa.demo.ui.TXADemoNoticeActivity"
57-->src/main/AndroidManifest.xml:39:13-53
58            android:exported="false"
58-->src/main/AndroidManifest.xml:40:13-37
59            android:screenOrientation="portrait"
59-->src/main/AndroidManifest.xml:41:13-49
60            android:theme="@style/Theme.TXADemo.NoActionBar" />
60-->src/main/AndroidManifest.xml:42:13-61
61
62        <!-- Settings Activity -->
63        <activity
63-->src/main/AndroidManifest.xml:45:9-49:64
64            android:name="gc.txa.demo.ui.TXASettingsActivity"
64-->src/main/AndroidManifest.xml:46:13-51
65            android:exported="false"
65-->src/main/AndroidManifest.xml:47:13-37
66            android:screenOrientation="portrait"
66-->src/main/AndroidManifest.xml:48:13-49
67            android:theme="@style/Theme.TXADemo.NoActionBar" />
67-->src/main/AndroidManifest.xml:49:13-61
68
69        <!-- File Manager Activity -->
70        <activity
70-->src/main/AndroidManifest.xml:52:9-56:64
71            android:name="gc.txa.demo.ui.TXAFileManagerActivity"
71-->src/main/AndroidManifest.xml:53:13-54
72            android:exported="false"
72-->src/main/AndroidManifest.xml:54:13-37
73            android:screenOrientation="portrait"
73-->src/main/AndroidManifest.xml:55:13-49
74            android:theme="@style/Theme.TXADemo.NoActionBar" />
74-->src/main/AndroidManifest.xml:56:13-61
75
76        <!-- FileProvider for APK installation -->
77        <provider
78            android:name="androidx.core.content.FileProvider"
78-->src/main/AndroidManifest.xml:60:13-62
79            android:authorities="gc.txa.demo.fileprovider"
79-->src/main/AndroidManifest.xml:61:13-64
80            android:exported="false"
80-->src/main/AndroidManifest.xml:62:13-37
81            android:grantUriPermissions="true" >
81-->src/main/AndroidManifest.xml:63:13-47
82            <meta-data
82-->src/main/AndroidManifest.xml:64:13-66:54
83                android:name="android.support.FILE_PROVIDER_PATHS"
83-->src/main/AndroidManifest.xml:65:17-67
84                android:resource="@xml/file_paths" />
84-->src/main/AndroidManifest.xml:66:17-51
85        </provider>
86        <provider
86-->[androidx.emoji2:emoji2:1.2.0] AndroidManifest.xml:24:9-32:20
87            android:name="androidx.startup.InitializationProvider"
87-->[androidx.emoji2:emoji2:1.2.0] AndroidManifest.xml:25:13-67
88            android:authorities="gc.txa.demo.androidx-startup"
88-->[androidx.emoji2:emoji2:1.2.0] AndroidManifest.xml:26:13-68
89            android:exported="false" >
89-->[androidx.emoji2:emoji2:1.2.0] AndroidManifest.xml:27:13-37
90            <meta-data
90-->[androidx.emoji2:emoji2:1.2.0] AndroidManifest.xml:29:13-31:52
91                android:name="androidx.emoji2.text.EmojiCompatInitializer"
91-->[androidx.emoji2:emoji2:1.2.0] AndroidManifest.xml:30:17-75
92                android:value="androidx.startup" />
92-->[androidx.emoji2:emoji2:1.2.0] AndroidManifest.xml:31:17-49
93            <meta-data
93-->[androidx.work:work-runtime:2.9.0] AndroidManifest.xml:34:13-36:52
94                android:name="androidx.work.WorkManagerInitializer"
94-->[androidx.work:work-runtime:2.9.0] AndroidManifest.xml:35:17-68
95                android:value="androidx.startup" />
95-->[androidx.work:work-runtime:2.9.0] AndroidManifest.xml:36:17-49
96            <meta-data
96-->[androidx.lifecycle:lifecycle-process:2.7.0] AndroidManifest.xml:29:13-31:52
97                android:name="androidx.lifecycle.ProcessLifecycleInitializer"
97-->[androidx.lifecycle:lifecycle-process:2.7.0] AndroidManifest.xml:30:17-78
98                android:value="androidx.startup" />
98-->[androidx.lifecycle:lifecycle-process:2.7.0] AndroidManifest.xml:31:17-49
99            <meta-data
99-->[androidx.profileinstaller:profileinstaller:1.3.0] AndroidManifest.xml:29:13-31:52
100                android:name="androidx.profileinstaller.ProfileInstallerInitializer"
100-->[androidx.profileinstaller:profileinstaller:1.3.0] AndroidManifest.xml:30:17-85
101                android:value="androidx.startup" />
101-->[androidx.profileinstaller:profileinstaller:1.3.0] AndroidManifest.xml:31:17-49
102        </provider>
103
104        <activity
104-->[com.google.android.gms:play-services-base:18.0.1] AndroidManifest.xml:20:9-22:45
105            android:name="com.google.android.gms.common.api.GoogleApiActivity"
105-->[com.google.android.gms:play-services-base:18.0.1] AndroidManifest.xml:20:19-85
106            android:exported="false"
106-->[com.google.android.gms:play-services-base:18.0.1] AndroidManifest.xml:22:19-43
107            android:theme="@android:style/Theme.Translucent.NoTitleBar" />
107-->[com.google.android.gms:play-services-base:18.0.1] AndroidManifest.xml:21:19-78
108
109        <service
109-->[androidx.work:work-runtime:2.9.0] AndroidManifest.xml:39:9-45:35
110            android:name="androidx.work.impl.background.systemalarm.SystemAlarmService"
110-->[androidx.work:work-runtime:2.9.0] AndroidManifest.xml:40:13-88
111            android:directBootAware="false"
111-->[androidx.work:work-runtime:2.9.0] AndroidManifest.xml:41:13-44
112            android:enabled="@bool/enable_system_alarm_service_default"
112-->[androidx.work:work-runtime:2.9.0] AndroidManifest.xml:42:13-72
113            android:exported="false" />
113-->[androidx.work:work-runtime:2.9.0] AndroidManifest.xml:43:13-37
114        <service
114-->[androidx.work:work-runtime:2.9.0] AndroidManifest.xml:46:9-52:35
115            android:name="androidx.work.impl.background.systemjob.SystemJobService"
115-->[androidx.work:work-runtime:2.9.0] AndroidManifest.xml:47:13-84
116            android:directBootAware="false"
116-->[androidx.work:work-runtime:2.9.0] AndroidManifest.xml:48:13-44
117            android:enabled="@bool/enable_system_job_service_default"
117-->[androidx.work:work-runtime:2.9.0] AndroidManifest.xml:49:13-70
118            android:exported="true"
118-->[androidx.work:work-runtime:2.9.0] AndroidManifest.xml:50:13-36
119            android:permission="android.permission.BIND_JOB_SERVICE" />
119-->[androidx.work:work-runtime:2.9.0] AndroidManifest.xml:51:13-69
120        <service
120-->[androidx.work:work-runtime:2.9.0] AndroidManifest.xml:53:9-59:35
121            android:name="androidx.work.impl.foreground.SystemForegroundService"
121-->[androidx.work:work-runtime:2.9.0] AndroidManifest.xml:54:13-81
122            android:directBootAware="false"
122-->[androidx.work:work-runtime:2.9.0] AndroidManifest.xml:55:13-44
123            android:enabled="@bool/enable_system_foreground_service_default"
123-->[androidx.work:work-runtime:2.9.0] AndroidManifest.xml:56:13-77
124            android:exported="false" />
124-->[androidx.work:work-runtime:2.9.0] AndroidManifest.xml:57:13-37
125
126        <receiver
126-->[androidx.work:work-runtime:2.9.0] AndroidManifest.xml:61:9-66:35
127            android:name="androidx.work.impl.utils.ForceStopRunnable$BroadcastReceiver"
127-->[androidx.work:work-runtime:2.9.0] AndroidManifest.xml:62:13-88
128            android:directBootAware="false"
128-->[androidx.work:work-runtime:2.9.0] AndroidManifest.xml:63:13-44
129            android:enabled="true"
129-->[androidx.work:work-runtime:2.9.0] AndroidManifest.xml:64:13-35
130            android:exported="false" />
130-->[androidx.work:work-runtime:2.9.0] AndroidManifest.xml:65:13-37
131        <receiver
131-->[androidx.work:work-runtime:2.9.0] AndroidManifest.xml:67:9-77:20
132            android:name="androidx.work.impl.background.systemalarm.ConstraintProxy$BatteryChargingProxy"
132-->[androidx.work:work-runtime:2.9.0] AndroidManifest.xml:68:13-106
133            android:directBootAware="false"
133-->[androidx.work:work-runtime:2.9.0] AndroidManifest.xml:69:13-44
134            android:enabled="false"
134-->[androidx.work:work-runtime:2.9.0] AndroidManifest.xml:70:13-36
135            android:exported="false" >
135-->[androidx.work:work-runtime:2.9.0] AndroidManifest.xml:71:13-37
136            <intent-filter>
136-->[androidx.work:work-runtime:2.9.0] AndroidManifest.xml:73:13-76:29
137                <action android:name="android.intent.action.ACTION_POWER_CONNECTED" />
137-->[androidx.work:work-runtime:2.9.0] AndroidManifest.xml:74:17-87
137-->[androidx.work:work-runtime:2.9.0] AndroidManifest.xml:74:25-84
138                <action android:name="android.intent.action.ACTION_POWER_DISCONNECTED" />
138-->[androidx.work:work-runtime:2.9.0] AndroidManifest.xml:75:17-90
138-->[androidx.work:work-runtime:2.9.0] AndroidManifest.xml:75:25-87
139            </intent-filter>
140        </receiver>
141        <receiver
141-->[androidx.work:work-runtime:2.9.0] AndroidManifest.xml:78:9-88:20
142            android:name="androidx.work.impl.background.systemalarm.ConstraintProxy$BatteryNotLowProxy"
142-->[androidx.work:work-runtime:2.9.0] AndroidManifest.xml:79:13-104
143            android:directBootAware="false"
143-->[androidx.work:work-runtime:2.9.0] AndroidManifest.xml:80:13-44
144            android:enabled="false"
144-->[androidx.work:work-runtime:2.9.0] AndroidManifest.xml:81:13-36
145            android:exported="false" >
145-->[androidx.work:work-runtime:2.9.0] AndroidManifest.xml:82:13-37
146            <intent-filter>
146-->[androidx.work:work-runtime:2.9.0] AndroidManifest.xml:84:13-87:29
147                <action android:name="android.intent.action.BATTERY_OKAY" />
147-->[androidx.work:work-runtime:2.9.0] AndroidManifest.xml:85:17-77
147-->[androidx.work:work-runtime:2.9.0] AndroidManifest.xml:85:25-74
148                <action android:name="android.intent.action.BATTERY_LOW" />
148-->[androidx.work:work-runtime:2.9.0] AndroidManifest.xml:86:17-76
148-->[androidx.work:work-runtime:2.9.0] AndroidManifest.xml:86:25-73
149            </intent-filter>
150        </receiver>
151        <receiver
151-->[androidx.work:work-runtime:2.9.0] AndroidManifest.xml:89:9-99:20
152            android:name="androidx.work.impl.background.systemalarm.ConstraintProxy$StorageNotLowProxy"
152-->[androidx.work:work-runtime:2.9.0] AndroidManifest.xml:90:13-104
153            android:directBootAware="false"
153-->[androidx.work:work-runtime:2.9.0] AndroidManifest.xml:91:13-44
154            android:enabled="false"
154-->[androidx.work:work-runtime:2.9.0] AndroidManifest.xml:92:13-36
155            android:exported="false" >
155-->[androidx.work:work-runtime:2.9.0] AndroidManifest.xml:93:13-37
156            <intent-filter>
156-->[androidx.work:work-runtime:2.9.0] AndroidManifest.xml:95:13-98:29
157                <action android:name="android.intent.action.DEVICE_STORAGE_LOW" />
157-->[androidx.work:work-runtime:2.9.0] AndroidManifest.xml:96:17-83
157-->[androidx.work:work-runtime:2.9.0] AndroidManifest.xml:96:25-80
158                <action android:name="android.intent.action.DEVICE_STORAGE_OK" />
158-->[androidx.work:work-runtime:2.9.0] AndroidManifest.xml:97:17-82
158-->[androidx.work:work-runtime:2.9.0] AndroidManifest.xml:97:25-79
159            </intent-filter>
160        </receiver>
161        <receiver
161-->[androidx.work:work-runtime:2.9.0] AndroidManifest.xml:100:9-109:20
162            android:name="androidx.work.impl.background.systemalarm.ConstraintProxy$NetworkStateProxy"
162-->[androidx.work:work-runtime:2.9.0] AndroidManifest.xml:101:13-103
163            android:directBootAware="false"
163-->[androidx.work:work-runtime:2.9.0] AndroidManifest.xml:102:13-44
164            android:enabled="false"
164-->[androidx.work:work-runtime:2.9.0] AndroidManifest.xml:103:13-36
165            android:exported="false" >
165-->[androidx.work:work-runtime:2.9.0] AndroidManifest.xml:104:13-37
166            <intent-filter>
166-->[androidx.work:work-runtime:2.9.0] AndroidManifest.xml:106:13-108:29
167                <action android:name="android.net.conn.CONNECTIVITY_CHANGE" />
167-->[androidx.work:work-runtime:2.9.0] AndroidManifest.xml:107:17-79
167-->[androidx.work:work-runtime:2.9.0] AndroidManifest.xml:107:25-76
168            </intent-filter>
169        </receiver>
170        <receiver
170-->[androidx.work:work-runtime:2.9.0] AndroidManifest.xml:110:9-121:20
171            android:name="androidx.work.impl.background.systemalarm.RescheduleReceiver"
171-->[androidx.work:work-runtime:2.9.0] AndroidManifest.xml:111:13-88
172            android:directBootAware="false"
172-->[androidx.work:work-runtime:2.9.0] AndroidManifest.xml:112:13-44
173            android:enabled="false"
173-->[androidx.work:work-runtime:2.9.0] AndroidManifest.xml:113:13-36
174            android:exported="false" >
174-->[androidx.work:work-runtime:2.9.0] AndroidManifest.xml:114:13-37
175            <intent-filter>
175-->[androidx.work:work-runtime:2.9.0] AndroidManifest.xml:116:13-120:29
176                <action android:name="android.intent.action.BOOT_COMPLETED" />
176-->[androidx.work:work-runtime:2.9.0] AndroidManifest.xml:117:17-79
176-->[androidx.work:work-runtime:2.9.0] AndroidManifest.xml:117:25-76
177                <action android:name="android.intent.action.TIME_SET" />
177-->[androidx.work:work-runtime:2.9.0] AndroidManifest.xml:118:17-73
177-->[androidx.work:work-runtime:2.9.0] AndroidManifest.xml:118:25-70
178                <action android:name="android.intent.action.TIMEZONE_CHANGED" />
178-->[androidx.work:work-runtime:2.9.0] AndroidManifest.xml:119:17-81
178-->[androidx.work:work-runtime:2.9.0] AndroidManifest.xml:119:25-78
179            </intent-filter>
180        </receiver>
181        <receiver
181-->[androidx.work:work-runtime:2.9.0] AndroidManifest.xml:122:9-131:20
182            android:name="androidx.work.impl.background.systemalarm.ConstraintProxyUpdateReceiver"
182-->[androidx.work:work-runtime:2.9.0] AndroidManifest.xml:123:13-99
183            android:directBootAware="false"
183-->[androidx.work:work-runtime:2.9.0] AndroidManifest.xml:124:13-44
184            android:enabled="@bool/enable_system_alarm_service_default"
184-->[androidx.work:work-runtime:2.9.0] AndroidManifest.xml:125:13-72
185            android:exported="false" >
185-->[androidx.work:work-runtime:2.9.0] AndroidManifest.xml:126:13-37
186            <intent-filter>
186-->[androidx.work:work-runtime:2.9.0] AndroidManifest.xml:128:13-130:29
187                <action android:name="androidx.work.impl.background.systemalarm.UpdateProxies" />
187-->[androidx.work:work-runtime:2.9.0] AndroidManifest.xml:129:17-98
187-->[androidx.work:work-runtime:2.9.0] AndroidManifest.xml:129:25-95
188            </intent-filter>
189        </receiver>
190        <receiver
190-->[androidx.work:work-runtime:2.9.0] AndroidManifest.xml:132:9-142:20
191            android:name="androidx.work.impl.diagnostics.DiagnosticsReceiver"
191-->[androidx.work:work-runtime:2.9.0] AndroidManifest.xml:133:13-78
192            android:directBootAware="false"
192-->[androidx.work:work-runtime:2.9.0] AndroidManifest.xml:134:13-44
193            android:enabled="true"
193-->[androidx.work:work-runtime:2.9.0] AndroidManifest.xml:135:13-35
194            android:exported="true"
194-->[androidx.work:work-runtime:2.9.0] AndroidManifest.xml:136:13-36
195            android:permission="android.permission.DUMP" >
195-->[androidx.work:work-runtime:2.9.0] AndroidManifest.xml:137:13-57
196            <intent-filter>
196-->[androidx.work:work-runtime:2.9.0] AndroidManifest.xml:139:13-141:29
197                <action android:name="androidx.work.diagnostics.REQUEST_DIAGNOSTICS" />
197-->[androidx.work:work-runtime:2.9.0] AndroidManifest.xml:140:17-88
197-->[androidx.work:work-runtime:2.9.0] AndroidManifest.xml:140:25-85
198            </intent-filter>
199        </receiver>
200
201        <meta-data
201-->[com.google.android.gms:play-services-basement:18.0.0] AndroidManifest.xml:21:9-23:69
202            android:name="com.google.android.gms.version"
202-->[com.google.android.gms:play-services-basement:18.0.0] AndroidManifest.xml:22:13-58
203            android:value="@integer/google_play_services_version" />
203-->[com.google.android.gms:play-services-basement:18.0.0] AndroidManifest.xml:23:13-66
204
205        <service
205-->[androidx.room:room-runtime:2.5.0] AndroidManifest.xml:24:9-28:63
206            android:name="androidx.room.MultiInstanceInvalidationService"
206-->[androidx.room:room-runtime:2.5.0] AndroidManifest.xml:25:13-74
207            android:directBootAware="true"
207-->[androidx.room:room-runtime:2.5.0] AndroidManifest.xml:26:13-43
208            android:exported="false" />
208-->[androidx.room:room-runtime:2.5.0] AndroidManifest.xml:27:13-37
209
210        <receiver
210-->[androidx.profileinstaller:profileinstaller:1.3.0] AndroidManifest.xml:34:9-52:20
211            android:name="androidx.profileinstaller.ProfileInstallReceiver"
211-->[androidx.profileinstaller:profileinstaller:1.3.0] AndroidManifest.xml:35:13-76
212            android:directBootAware="false"
212-->[androidx.profileinstaller:profileinstaller:1.3.0] AndroidManifest.xml:36:13-44
213            android:enabled="true"
213-->[androidx.profileinstaller:profileinstaller:1.3.0] AndroidManifest.xml:37:13-35
214            android:exported="true"
214-->[androidx.profileinstaller:profileinstaller:1.3.0] AndroidManifest.xml:38:13-36
215            android:permission="android.permission.DUMP" >
215-->[androidx.profileinstaller:profileinstaller:1.3.0] AndroidManifest.xml:39:13-57
216            <intent-filter>
216-->[androidx.profileinstaller:profileinstaller:1.3.0] AndroidManifest.xml:40:13-42:29
217                <action android:name="androidx.profileinstaller.action.INSTALL_PROFILE" />
217-->[androidx.profileinstaller:profileinstaller:1.3.0] AndroidManifest.xml:41:17-91
217-->[androidx.profileinstaller:profileinstaller:1.3.0] AndroidManifest.xml:41:25-88
218            </intent-filter>
219            <intent-filter>
219-->[androidx.profileinstaller:profileinstaller:1.3.0] AndroidManifest.xml:43:13-45:29
220                <action android:name="androidx.profileinstaller.action.SKIP_FILE" />
220-->[androidx.profileinstaller:profileinstaller:1.3.0] AndroidManifest.xml:44:17-85
220-->[androidx.profileinstaller:profileinstaller:1.3.0] AndroidManifest.xml:44:25-82
221            </intent-filter>
222            <intent-filter>
222-->[androidx.profileinstaller:profileinstaller:1.3.0] AndroidManifest.xml:46:13-48:29
223                <action android:name="androidx.profileinstaller.action.SAVE_PROFILE" />
223-->[androidx.profileinstaller:profileinstaller:1.3.0] AndroidManifest.xml:47:17-88
223-->[androidx.profileinstaller:profileinstaller:1.3.0] AndroidManifest.xml:47:25-85
224            </intent-filter>
225            <intent-filter>
225-->[androidx.profileinstaller:profileinstaller:1.3.0] AndroidManifest.xml:49:13-51:29
226                <action android:name="androidx.profileinstaller.action.BENCHMARK_OPERATION" />
226-->[androidx.profileinstaller:profileinstaller:1.3.0] AndroidManifest.xml:50:17-95
226-->[androidx.profileinstaller:profileinstaller:1.3.0] AndroidManifest.xml:50:25-92
227            </intent-filter>
228        </receiver>
229    </application>
230
231</manifest>